<?xml version="1.0" encoding="UTF-8"?>
<testsuite xmlns:xsi="http://www.w3.org/2001/XMLSchema-instance" xsi:noNamespaceSchemaLocation="https://maven.apache.org/surefire/maven-surefire-plugin/xsd/surefire-test-report-3.0.xsd" version="3.0" name="runner.TestRunner" time="0.182" tests="1" errors="1" skipped="0" failures="0">
  <properties>
    <property name="sun.desktop" value="windows"/>
    <property name="awt.toolkit" value="sun.awt.windows.WToolkit"/>
    <property name="java.specification.version" value="11"/>
    <property name="sun.cpu.isalist" value="amd64"/>
    <property name="sun.jnu.encoding" value="Cp1252"/>
    <property name="java.class.path" value="C:\Users\leanc\Documents\GitHub\prova_4all\target\test-classes;C:\Users\leanc\Documents\GitHub\prova_4all\target\classes;C:\Users\leanc\.m2\repository\org\seleniumhq\selenium\selenium-server\3.0.1\selenium-server-3.0.1.jar;C:\Users\leanc\.m2\repository\com\beust\jcommander\1.48\jcommander-1.48.jar;C:\Users\leanc\.m2\repository\net\jcip\jcip-annotations\1.0\jcip-annotations-1.0.jar;C:\Users\leanc\.m2\repository\org\seleniumhq\selenium\jetty-repacked\9.2.13.v20160825\jetty-repacked-9.2.13.v20160825.jar;C:\Users\leanc\.m2\repository\javax\servlet\javax.servlet-api\3.1.0\javax.servlet-api-3.1.0.jar;C:\Users\leanc\.m2\repository\org\seleniumhq\selenium\htmlunit-driver\2.29.3\htmlunit-driver-2.29.3.jar;C:\Users\leanc\.m2\repository\net\sourceforge\htmlunit\htmlunit\2.29\htmlunit-2.29.jar;C:\Users\leanc\.m2\repository\xalan\xalan\2.7.2\xalan-2.7.2.jar;C:\Users\leanc\.m2\repository\xalan\serializer\2.7.2\serializer-2.7.2.jar;C:\Users\leanc\.m2\repository\org\apache\commons\commons-lang3\3.7\commons-lang3-3.7.jar;C:\Users\leanc\.m2\repository\org\apache\commons\commons-text\1.2\commons-text-1.2.jar;C:\Users\leanc\.m2\repository\org\apache\httpcomponents\httpmime\4.5.5\httpmime-4.5.5.jar;C:\Users\leanc\.m2\repository\net\sourceforge\htmlunit\htmlunit-core-js\2.28\htmlunit-core-js-2.28.jar;C:\Users\leanc\.m2\repository\net\sourceforge\htmlunit\neko-htmlunit\2.28\neko-htmlunit-2.28.jar;C:\Users\leanc\.m2\repository\xerces\xercesImpl\2.11.0\xercesImpl-2.11.0.jar;C:\Users\leanc\.m2\repository\xml-apis\xml-apis\1.4.01\xml-apis-1.4.01.jar;C:\Users\leanc\.m2\repository\net\sourceforge\cssparser\cssparser\0.9.24\cssparser-0.9.24.jar;C:\Users\leanc\.m2\repository\org\w3c\css\sac\1.3\sac-1.3.jar;C:\Users\leanc\.m2\repository\commons-net\commons-net\3.6\commons-net-3.6.jar;C:\Users\leanc\.m2\repository\org\eclipse\jetty\websocket\websocket-client\9.4.10.v20180503\websocket-client-9.4.10.v20180503.jar;C:\Users\leanc\.m2\repository\org\eclipse\jetty\jetty-client\9.4.10.v20180503\jetty-client-9.4.10.v20180503.jar;C:\Users\leanc\.m2\repository\org\eclipse\jetty\jetty-http\9.4.10.v20180503\jetty-http-9.4.10.v20180503.jar;C:\Users\leanc\.m2\repository\org\eclipse\jetty\jetty-xml\9.4.10.v20180503\jetty-xml-9.4.10.v20180503.jar;C:\Users\leanc\.m2\repository\org\eclipse\jetty\jetty-util\9.4.10.v20180503\jetty-util-9.4.10.v20180503.jar;C:\Users\leanc\.m2\repository\org\eclipse\jetty\jetty-io\9.4.10.v20180503\jetty-io-9.4.10.v20180503.jar;C:\Users\leanc\.m2\repository\org\eclipse\jetty\websocket\websocket-common\9.4.10.v20180503\websocket-common-9.4.10.v20180503.jar;C:\Users\leanc\.m2\repository\org\eclipse\jetty\websocket\websocket-api\9.4.10.v20180503\websocket-api-9.4.10.v20180503.jar;C:\Users\leanc\.m2\repository\org\yaml\snakeyaml\1.19\snakeyaml-1.19.jar;C:\Users\leanc\.m2\repository\io\cucumber\cucumber-java\4.7.2\cucumber-java-4.7.2.jar;C:\Users\leanc\.m2\repository\io\cucumber\cucumber-core\4.7.2\cucumber-core-4.7.2.jar;C:\Users\leanc\.m2\repository\io\cucumber\gherkin\5.1.0\gherkin-5.1.0.jar;C:\Users\leanc\.m2\repository\io\cucumber\tag-expressions\1.1.1\tag-expressions-1.1.1.jar;C:\Users\leanc\.m2\repository\io\cucumber\cucumber-expressions\7.0.2\cucumber-expressions-7.0.2.jar;C:\Users\leanc\.m2\repository\io\cucumber\datatable\1.1.14\datatable-1.1.14.jar;C:\Users\leanc\.m2\repository\io\cucumber\datatable-dependencies\1.1.14\datatable-dependencies-1.1.14.jar;C:\Users\leanc\.m2\repository\org\apiguardian\apiguardian-api\1.1.0\apiguardian-api-1.1.0.jar;C:\Users\leanc\.m2\repository\io\cucumber\cucumber-junit\4.7.2\cucumber-junit-4.7.2.jar;C:\Users\leanc\.m2\repository\info\cukes\cucumber-junit\1.2.5\cucumber-junit-1.2.5.jar;C:\Users\leanc\.m2\repository\info\cukes\cucumber-core\1.2.5\cucumber-core-1.2.5.jar;C:\Users\leanc\.m2\repository\info\cukes\cucumber-html\0.2.3\cucumber-html-0.2.3.jar;C:\Users\leanc\.m2\repository\info\cukes\cucumber-jvm-deps\1.0.5\cucumber-jvm-deps-1.0.5.jar;C:\Users\leanc\.m2\repository\info\cukes\gherkin\2.12.2\gherkin-2.12.2.jar;C:\Users\leanc\.m2\repository\org\seleniumhq\selenium\selenium-chrome-driver\3.141.59\selenium-chrome-driver-3.141.59.jar;C:\Users\leanc\.m2\repository\org\seleniumhq\selenium\selenium-api\3.9.1\selenium-api-3.9.1.jar;C:\Users\leanc\.m2\repository\org\seleniumhq\selenium\selenium-remote-driver\3.9.1\selenium-remote-driver-3.9.1.jar;C:\Users\leanc\.m2\repository\commons-codec\commons-codec\1.11\commons-codec-1.11.jar;C:\Users\leanc\.m2\repository\com\google\code\gson\gson\2.8.4\gson-2.8.4.jar;C:\Users\leanc\.m2\repository\org\apache\httpcomponents\httpclient\4.5.5\httpclient-4.5.5.jar;C:\Users\leanc\.m2\repository\org\apache\httpcomponents\httpcore\4.4.9\httpcore-4.4.9.jar;C:\Users\leanc\.m2\repository\net\bytebuddy\byte-buddy\1.7.11\byte-buddy-1.7.11.jar;C:\Users\leanc\.m2\repository\org\apache\commons\commons-exec\1.3\commons-exec-1.3.jar;C:\Users\leanc\.m2\repository\com\google\guava\guava\25.0-jre\guava-25.0-jre.jar;C:\Users\leanc\.m2\repository\com\google\code\findbugs\jsr305\1.3.9\jsr305-1.3.9.jar;C:\Users\leanc\.m2\repository\org\checkerframework\checker-compat-qual\2.0.0\checker-compat-qual-2.0.0.jar;C:\Users\leanc\.m2\repository\com\google\errorprone\error_prone_annotations\2.1.3\error_prone_annotations-2.1.3.jar;C:\Users\leanc\.m2\repository\com\google\j2objc\j2objc-annotations\1.1\j2objc-annotations-1.1.jar;C:\Users\leanc\.m2\repository\org\codehaus\mojo\animal-sniffer-annotations\1.14\animal-sniffer-annotations-1.14.jar;C:\Users\leanc\.m2\repository\com\squareup\okhttp3\okhttp\3.11.0\okhttp-3.11.0.jar;C:\Users\leanc\.m2\repository\com\squareup\okio\okio\1.14.0\okio-1.14.0.jar;C:\Users\leanc\.m2\repository\org\seleniumhq\selenium\selenium-firefox-driver\3.141.59\selenium-firefox-driver-3.141.59.jar;C:\Users\leanc\.m2\repository\org\apache\maven\plugins\maven-war-plugin\3.2.3\maven-war-plugin-3.2.3.jar;C:\Users\leanc\.m2\repository\org\apache\maven\maven-plugin-api\3.0\maven-plugin-api-3.0.jar;C:\Users\leanc\.m2\repository\org\apache\maven\maven-model\3.0\maven-model-3.0.jar;C:\Users\leanc\.m2\repository\org\apache\maven\maven-artifact\3.0\maven-artifact-3.0.jar;C:\Users\leanc\.m2\repository\org\sonatype\sisu\sisu-inject-plexus\1.4.2\sisu-inject-plexus-1.4.2.jar;C:\Users\leanc\.m2\repository\org\sonatype\sisu\sisu-inject-bean\1.4.2\sisu-inject-bean-1.4.2.jar;C:\Users\leanc\.m2\repository\org\sonatype\sisu\sisu-guice\2.1.7\sisu-guice-2.1.7-noaop.jar;C:\Users\leanc\.m2\repository\org\apache\maven\maven-core\3.0\maven-core-3.0.jar;C:\Users\leanc\.m2\repository\org\apache\maven\maven-settings\3.0\maven-settings-3.0.jar;C:\Users\leanc\.m2\repository\org\apache\maven\maven-settings-builder\3.0\maven-settings-builder-3.0.jar;C:\Users\leanc\.m2\repository\org\apache\maven\maven-repository-metadata\3.0\maven-repository-metadata-3.0.jar;C:\Users\leanc\.m2\repository\org\apache\maven\maven-model-builder\3.0\maven-model-builder-3.0.jar;C:\Users\leanc\.m2\repository\org\apache\maven\maven-aether-provider\3.0\maven-aether-provider-3.0.jar;C:\Users\leanc\.m2\repository\org\sonatype\aether\aether-impl\1.7\aether-impl-1.7.jar;C:\Users\leanc\.m2\repository\org\sonatype\aether\aether-spi\1.7\aether-spi-1.7.jar;C:\Users\leanc\.m2\repository\org\sonatype\aether\aether-api\1.7\aether-api-1.7.jar;C:\Users\leanc\.m2\repository\org\sonatype\aether\aether-util\1.7\aether-util-1.7.jar;C:\Users\leanc\.m2\repository\org\codehaus\plexus\plexus-classworlds\2.2.3\plexus-classworlds-2.2.3.jar;C:\Users\leanc\.m2\repository\org\codehaus\plexus\plexus-component-annotations\1.5.5\plexus-component-annotations-1.5.5.jar;C:\Users\leanc\.m2\repository\org\sonatype\plexus\plexus-sec-dispatcher\1.3\plexus-sec-dispatcher-1.3.jar;C:\Users\leanc\.m2\repository\org\sonatype\plexus\plexus-cipher\1.4\plexus-cipher-1.4.jar;C:\Users\leanc\.m2\repository\org\apache\maven\maven-archiver\3.4.0\maven-archiver-3.4.0.jar;C:\Users\leanc\.m2\repository\org\apache\maven\shared\maven-shared-utils\3.2.1\maven-shared-utils-3.2.1.jar;C:\Users\leanc\.m2\repository\commons-io\commons-io\2.5\commons-io-2.5.jar;C:\Users\leanc\.m2\repository\org\codehaus\plexus\plexus-archiver\4.1.0\plexus-archiver-4.1.0.jar;C:\Users\leanc\.m2\repository\org\codehaus\plexus\plexus-io\3.1.1\plexus-io-3.1.1.jar;C:\Users\leanc\.m2\repository\org\apache\commons\commons-compress\1.18\commons-compress-1.18.jar;C:\Users\leanc\.m2\repository\org\iq80\snappy\snappy\0.4\snappy-0.4.jar;C:\Users\leanc\.m2\repository\org\tukaani\xz\1.8\xz-1.8.jar;C:\Users\leanc\.m2\repository\org\codehaus\plexus\plexus-interpolation\1.25\plexus-interpolation-1.25.jar;C:\Users\leanc\.m2\repository\com\thoughtworks\xstream\xstream\1.4.10\xstream-1.4.10.jar;C:\Users\leanc\.m2\repository\xmlpull\xmlpull\1.1.3.1\xmlpull-1.1.3.1.jar;C:\Users\leanc\.m2\repository\xpp3\xpp3_min\1.1.4c\xpp3_min-1.1.4c.jar;C:\Users\leanc\.m2\repository\org\codehaus\plexus\plexus-utils\3.2.0\plexus-utils-3.2.0.jar;C:\Users\leanc\.m2\repository\org\apache\maven\shared\maven-filtering\3.1.1\maven-filtering-3.1.1.jar;C:\Users\leanc\.m2\repository\org\sonatype\plexus\plexus-build-api\0.0.7\plexus-build-api-0.0.7.jar;C:\Users\leanc\.m2\repository\org\apache\maven\shared\maven-mapping\3.0.0\maven-mapping-3.0.0.jar;C:\Users\leanc\.m2\repository\junit\junit\4.12\junit-4.12.jar;C:\Users\leanc\.m2\repository\org\hamcrest\hamcrest-core\1.3\hamcrest-core-1.3.jar;C:\Users\leanc\.m2\repository\org\junit\jupiter\junit-jupiter-api\5.5.2\junit-jupiter-api-5.5.2.jar;C:\Users\leanc\.m2\repository\org\opentest4j\opentest4j\1.2.0\opentest4j-1.2.0.jar;C:\Users\leanc\.m2\repository\org\junit\platform\junit-platform-commons\1.5.2\junit-platform-commons-1.5.2.jar;C:\Users\leanc\.m2\repository\org\seleniumhq\selenium\selenium-java\3.141.59\selenium-java-3.141.59.jar;C:\Users\leanc\.m2\repository\org\seleniumhq\selenium\selenium-edge-driver\3.9.1\selenium-edge-driver-3.9.1.jar;C:\Users\leanc\.m2\repository\commons-logging\commons-logging\1.2\commons-logging-1.2.jar;C:\Users\leanc\.m2\repository\org\seleniumhq\selenium\selenium-ie-driver\3.9.1\selenium-ie-driver-3.9.1.jar;C:\Users\leanc\.m2\repository\org\seleniumhq\selenium\selenium-opera-driver\3.9.1\selenium-opera-driver-3.9.1.jar;C:\Users\leanc\.m2\repository\org\seleniumhq\selenium\selenium-safari-driver\3.9.1\selenium-safari-driver-3.9.1.jar;C:\Users\leanc\.m2\repository\org\seleniumhq\selenium\selenium-support\3.9.1\selenium-support-3.9.1.jar;"/>
    <property name="java.vm.vendor" value="Oracle Corporation"/>
    <property name="sun.arch.data.model" value="64"/>
    <property name="user.variant" value=""/>
    <property name="java.vendor.url" value="http://java.oracle.com/"/>
    <property name="user.timezone" value="America/Sao_Paulo"/>
    <property name="java.vm.specification.version" value="11"/>
    <property name="os.name" value="Windows 10"/>
    <property name="sun.java.launcher" value="SUN_STANDARD"/>
    <property name="user.country" value="BR"/>
    <property name="sun.boot.library.path" value="C:\Program Files\Java\jdk-11.0.3\bin"/>
    <property name="sun.java.command" value="C:\Users\leanc\AppData\Local\Temp\surefire17669462733175915015\surefirebooter15110131911029366185.jar C:\Users\leanc\AppData\Local\Temp\surefire17669462733175915015 2019-09-23T21-05-18_066-jvmRun1 surefire7896069011547306012tmp surefire_016076327353116457962tmp"/>
    <property name="jdk.debug" value="release"/>
    <property name="surefire.test.class.path" value="C:\Users\leanc\Documents\GitHub\prova_4all\target\test-classes;C:\Users\leanc\Documents\GitHub\prova_4all\target\classes;C:\Users\leanc\.m2\repository\org\seleniumhq\selenium\selenium-server\3.0.1\selenium-server-3.0.1.jar;C:\Users\leanc\.m2\repository\com\beust\jcommander\1.48\jcommander-1.48.jar;C:\Users\leanc\.m2\repository\net\jcip\jcip-annotations\1.0\jcip-annotations-1.0.jar;C:\Users\leanc\.m2\repository\org\seleniumhq\selenium\jetty-repacked\9.2.13.v20160825\jetty-repacked-9.2.13.v20160825.jar;C:\Users\leanc\.m2\repository\javax\servlet\javax.servlet-api\3.1.0\javax.servlet-api-3.1.0.jar;C:\Users\leanc\.m2\repository\org\seleniumhq\selenium\htmlunit-driver\2.29.3\htmlunit-driver-2.29.3.jar;C:\Users\leanc\.m2\repository\net\sourceforge\htmlunit\htmlunit\2.29\htmlunit-2.29.jar;C:\Users\leanc\.m2\repository\xalan\xalan\2.7.2\xalan-2.7.2.jar;C:\Users\leanc\.m2\repository\xalan\serializer\2.7.2\serializer-2.7.2.jar;C:\Users\leanc\.m2\repository\org\apache\commons\commons-lang3\3.7\commons-lang3-3.7.jar;C:\Users\leanc\.m2\repository\org\apache\commons\commons-text\1.2\commons-text-1.2.jar;C:\Users\leanc\.m2\repository\org\apache\httpcomponents\httpmime\4.5.5\httpmime-4.5.5.jar;C:\Users\leanc\.m2\repository\net\sourceforge\htmlunit\htmlunit-core-js\2.28\htmlunit-core-js-2.28.jar;C:\Users\leanc\.m2\repository\net\sourceforge\htmlunit\neko-htmlunit\2.28\neko-htmlunit-2.28.jar;C:\Users\leanc\.m2\repository\xerces\xercesImpl\2.11.0\xercesImpl-2.11.0.jar;C:\Users\leanc\.m2\repository\xml-apis\xml-apis\1.4.01\xml-apis-1.4.01.jar;C:\Users\leanc\.m2\repository\net\sourceforge\cssparser\cssparser\0.9.24\cssparser-0.9.24.jar;C:\Users\leanc\.m2\repository\org\w3c\css\sac\1.3\sac-1.3.jar;C:\Users\leanc\.m2\repository\commons-net\commons-net\3.6\commons-net-3.6.jar;C:\Users\leanc\.m2\repository\org\eclipse\jetty\websocket\websocket-client\9.4.10.v20180503\websocket-client-9.4.10.v20180503.jar;C:\Users\leanc\.m2\repository\org\eclipse\jetty\jetty-client\9.4.10.v20180503\jetty-client-9.4.10.v20180503.jar;C:\Users\leanc\.m2\repository\org\eclipse\jetty\jetty-http\9.4.10.v20180503\jetty-http-9.4.10.v20180503.jar;C:\Users\leanc\.m2\repository\org\eclipse\jetty\jetty-xml\9.4.10.v20180503\jetty-xml-9.4.10.v20180503.jar;C:\Users\leanc\.m2\repository\org\eclipse\jetty\jetty-util\9.4.10.v20180503\jetty-util-9.4.10.v20180503.jar;C:\Users\leanc\.m2\repository\org\eclipse\jetty\jetty-io\9.4.10.v20180503\jetty-io-9.4.10.v20180503.jar;C:\Users\leanc\.m2\repository\org\eclipse\jetty\websocket\websocket-common\9.4.10.v20180503\websocket-common-9.4.10.v20180503.jar;C:\Users\leanc\.m2\repository\org\eclipse\jetty\websocket\websocket-api\9.4.10.v20180503\websocket-api-9.4.10.v20180503.jar;C:\Users\leanc\.m2\repository\org\yaml\snakeyaml\1.19\snakeyaml-1.19.jar;C:\Users\leanc\.m2\repository\io\cucumber\cucumber-java\4.7.2\cucumber-java-4.7.2.jar;C:\Users\leanc\.m2\repository\io\cucumber\cucumber-core\4.7.2\cucumber-core-4.7.2.jar;C:\Users\leanc\.m2\repository\io\cucumber\gherkin\5.1.0\gherkin-5.1.0.jar;C:\Users\leanc\.m2\repository\io\cucumber\tag-expressions\1.1.1\tag-expressions-1.1.1.jar;C:\Users\leanc\.m2\repository\io\cucumber\cucumber-expressions\7.0.2\cucumber-expressions-7.0.2.jar;C:\Users\leanc\.m2\repository\io\cucumber\datatable\1.1.14\datatable-1.1.14.jar;C:\Users\leanc\.m2\repository\io\cucumber\datatable-dependencies\1.1.14\datatable-dependencies-1.1.14.jar;C:\Users\leanc\.m2\repository\org\apiguardian\apiguardian-api\1.1.0\apiguardian-api-1.1.0.jar;C:\Users\leanc\.m2\repository\io\cucumber\cucumber-junit\4.7.2\cucumber-junit-4.7.2.jar;C:\Users\leanc\.m2\repository\info\cukes\cucumber-junit\1.2.5\cucumber-junit-1.2.5.jar;C:\Users\leanc\.m2\repository\info\cukes\cucumber-core\1.2.5\cucumber-core-1.2.5.jar;C:\Users\leanc\.m2\repository\info\cukes\cucumber-html\0.2.3\cucumber-html-0.2.3.jar;C:\Users\leanc\.m2\repository\info\cukes\cucumber-jvm-deps\1.0.5\cucumber-jvm-deps-1.0.5.jar;C:\Users\leanc\.m2\repository\info\cukes\gherkin\2.12.2\gherkin-2.12.2.jar;C:\Users\leanc\.m2\repository\org\seleniumhq\selenium\selenium-chrome-driver\3.141.59\selenium-chrome-driver-3.141.59.jar;C:\Users\leanc\.m2\repository\org\seleniumhq\selenium\selenium-api\3.9.1\selenium-api-3.9.1.jar;C:\Users\leanc\.m2\repository\org\seleniumhq\selenium\selenium-remote-driver\3.9.1\selenium-remote-driver-3.9.1.jar;C:\Users\leanc\.m2\repository\commons-codec\commons-codec\1.11\commons-codec-1.11.jar;C:\Users\leanc\.m2\repository\com\google\code\gson\gson\2.8.4\gson-2.8.4.jar;C:\Users\leanc\.m2\repository\org\apache\httpcomponents\httpclient\4.5.5\httpclient-4.5.5.jar;C:\Users\leanc\.m2\repository\org\apache\httpcomponents\httpcore\4.4.9\httpcore-4.4.9.jar;C:\Users\leanc\.m2\repository\net\bytebuddy\byte-buddy\1.7.11\byte-buddy-1.7.11.jar;C:\Users\leanc\.m2\repository\org\apache\commons\commons-exec\1.3\commons-exec-1.3.jar;C:\Users\leanc\.m2\repository\com\google\guava\guava\25.0-jre\guava-25.0-jre.jar;C:\Users\leanc\.m2\repository\com\google\code\findbugs\jsr305\1.3.9\jsr305-1.3.9.jar;C:\Users\leanc\.m2\repository\org\checkerframework\checker-compat-qual\2.0.0\checker-compat-qual-2.0.0.jar;C:\Users\leanc\.m2\repository\com\google\errorprone\error_prone_annotations\2.1.3\error_prone_annotations-2.1.3.jar;C:\Users\leanc\.m2\repository\com\google\j2objc\j2objc-annotations\1.1\j2objc-annotations-1.1.jar;C:\Users\leanc\.m2\repository\org\codehaus\mojo\animal-sniffer-annotations\1.14\animal-sniffer-annotations-1.14.jar;C:\Users\leanc\.m2\repository\com\squareup\okhttp3\okhttp\3.11.0\okhttp-3.11.0.jar;C:\Users\leanc\.m2\repository\com\squareup\okio\okio\1.14.0\okio-1.14.0.jar;C:\Users\leanc\.m2\repository\org\seleniumhq\selenium\selenium-firefox-driver\3.141.59\selenium-firefox-driver-3.141.59.jar;C:\Users\leanc\.m2\repository\org\apache\maven\plugins\maven-war-plugin\3.2.3\maven-war-plugin-3.2.3.jar;C:\Users\leanc\.m2\repository\org\apache\maven\maven-plugin-api\3.0\maven-plugin-api-3.0.jar;C:\Users\leanc\.m2\repository\org\apache\maven\maven-model\3.0\maven-model-3.0.jar;C:\Users\leanc\.m2\repository\org\apache\maven\maven-artifact\3.0\maven-artifact-3.0.jar;C:\Users\leanc\.m2\repository\org\sonatype\sisu\sisu-inject-plexus\1.4.2\sisu-inject-plexus-1.4.2.jar;C:\Users\leanc\.m2\repository\org\sonatype\sisu\sisu-inject-bean\1.4.2\sisu-inject-bean-1.4.2.jar;C:\Users\leanc\.m2\repository\org\sonatype\sisu\sisu-guice\2.1.7\sisu-guice-2.1.7-noaop.jar;C:\Users\leanc\.m2\repository\org\apache\maven\maven-core\3.0\maven-core-3.0.jar;C:\Users\leanc\.m2\repository\org\apache\maven\maven-settings\3.0\maven-settings-3.0.jar;C:\Users\leanc\.m2\repository\org\apache\maven\maven-settings-builder\3.0\maven-settings-builder-3.0.jar;C:\Users\leanc\.m2\repository\org\apache\maven\maven-repository-metadata\3.0\maven-repository-metadata-3.0.jar;C:\Users\leanc\.m2\repository\org\apache\maven\maven-model-builder\3.0\maven-model-builder-3.0.jar;C:\Users\leanc\.m2\repository\org\apache\maven\maven-aether-provider\3.0\maven-aether-provider-3.0.jar;C:\Users\leanc\.m2\repository\org\sonatype\aether\aether-impl\1.7\aether-impl-1.7.jar;C:\Users\leanc\.m2\repository\org\sonatype\aether\aether-spi\1.7\aether-spi-1.7.jar;C:\Users\leanc\.m2\repository\org\sonatype\aether\aether-api\1.7\aether-api-1.7.jar;C:\Users\leanc\.m2\repository\org\sonatype\aether\aether-util\1.7\aether-util-1.7.jar;C:\Users\leanc\.m2\repository\org\codehaus\plexus\plexus-classworlds\2.2.3\plexus-classworlds-2.2.3.jar;C:\Users\leanc\.m2\repository\org\codehaus\plexus\plexus-component-annotations\1.5.5\plexus-component-annotations-1.5.5.jar;C:\Users\leanc\.m2\repository\org\sonatype\plexus\plexus-sec-dispatcher\1.3\plexus-sec-dispatcher-1.3.jar;C:\Users\leanc\.m2\repository\org\sonatype\plexus\plexus-cipher\1.4\plexus-cipher-1.4.jar;C:\Users\leanc\.m2\repository\org\apache\maven\maven-archiver\3.4.0\maven-archiver-3.4.0.jar;C:\Users\leanc\.m2\repository\org\apache\maven\shared\maven-shared-utils\3.2.1\maven-shared-utils-3.2.1.jar;C:\Users\leanc\.m2\repository\commons-io\commons-io\2.5\commons-io-2.5.jar;C:\Users\leanc\.m2\repository\org\codehaus\plexus\plexus-archiver\4.1.0\plexus-archiver-4.1.0.jar;C:\Users\leanc\.m2\repository\org\codehaus\plexus\plexus-io\3.1.1\plexus-io-3.1.1.jar;C:\Users\leanc\.m2\repository\org\apache\commons\commons-compress\1.18\commons-compress-1.18.jar;C:\Users\leanc\.m2\repository\org\iq80\snappy\snappy\0.4\snappy-0.4.jar;C:\Users\leanc\.m2\repository\org\tukaani\xz\1.8\xz-1.8.jar;C:\Users\leanc\.m2\repository\org\codehaus\plexus\plexus-interpolation\1.25\plexus-interpolation-1.25.jar;C:\Users\leanc\.m2\repository\com\thoughtworks\xstream\xstream\1.4.10\xstream-1.4.10.jar;C:\Users\leanc\.m2\repository\xmlpull\xmlpull\1.1.3.1\xmlpull-1.1.3.1.jar;C:\Users\leanc\.m2\repository\xpp3\xpp3_min\1.1.4c\xpp3_min-1.1.4c.jar;C:\Users\leanc\.m2\repository\org\codehaus\plexus\plexus-utils\3.2.0\plexus-utils-3.2.0.jar;C:\Users\leanc\.m2\repository\org\apache\maven\shared\maven-filtering\3.1.1\maven-filtering-3.1.1.jar;C:\Users\leanc\.m2\repository\org\sonatype\plexus\plexus-build-api\0.0.7\plexus-build-api-0.0.7.jar;C:\Users\leanc\.m2\repository\org\apache\maven\shared\maven-mapping\3.0.0\maven-mapping-3.0.0.jar;C:\Users\leanc\.m2\repository\junit\junit\4.12\junit-4.12.jar;C:\Users\leanc\.m2\repository\org\hamcrest\hamcrest-core\1.3\hamcrest-core-1.3.jar;C:\Users\leanc\.m2\repository\org\junit\jupiter\junit-jupiter-api\5.5.2\junit-jupiter-api-5.5.2.jar;C:\Users\leanc\.m2\repository\org\opentest4j\opentest4j\1.2.0\opentest4j-1.2.0.jar;C:\Users\leanc\.m2\repository\org\junit\platform\junit-platform-commons\1.5.2\junit-platform-commons-1.5.2.jar;C:\Users\leanc\.m2\repository\org\seleniumhq\selenium\selenium-java\3.141.59\selenium-java-3.141.59.jar;C:\Users\leanc\.m2\repository\org\seleniumhq\selenium\selenium-edge-driver\3.9.1\selenium-edge-driver-3.9.1.jar;C:\Users\leanc\.m2\repository\commons-logging\commons-logging\1.2\commons-logging-1.2.jar;C:\Users\leanc\.m2\repository\org\seleniumhq\selenium\selenium-ie-driver\3.9.1\selenium-ie-driver-3.9.1.jar;C:\Users\leanc\.m2\repository\org\seleniumhq\selenium\selenium-opera-driver\3.9.1\selenium-opera-driver-3.9.1.jar;C:\Users\leanc\.m2\repository\org\seleniumhq\selenium\selenium-safari-driver\3.9.1\selenium-safari-driver-3.9.1.jar;C:\Users\leanc\.m2\repository\org\seleniumhq\selenium\selenium-support\3.9.1\selenium-support-3.9.1.jar;"/>
    <property name="sun.cpu.endian" value="little"/>
    <property name="user.home" value="C:\Users\leanc"/>
    <property name="user.language" value="pt"/>
    <property name="java.specification.vendor" value="Oracle Corporation"/>
    <property name="java.version.date" value="2019-04-16"/>
    <property name="java.home" value="C:\Program Files\Java\jdk-11.0.3"/>
    <property name="file.separator" value="\"/>
    <property name="basedir" value="C:\Users\leanc\Documents\GitHub\prova_4all"/>
    <property name="java.vm.compressedOopsMode" value="Zero based"/>
    <property name="line.separator" value="&#10;"/>
    <property name="java.specification.name" value="Java Platform API Specification"/>
    <property name="java.vm.specification.vendor" value="Oracle Corporation"/>
    <property name="java.awt.graphicsenv" value="sun.awt.Win32GraphicsEnvironment"/>
    <property name="surefire.real.class.path" value="C:\Users\leanc\AppData\Local\Temp\surefire17669462733175915015\surefirebooter15110131911029366185.jar"/>
    <property name="user.script" value=""/>
    <property name="sun.management.compiler" value="HotSpot 64-Bit Tiered Compilers"/>
    <property name="java.runtime.version" value="11.0.3+12-LTS"/>
    <property name="user.name" value="leanc"/>
    <property name="path.separator" value=";"/>
    <property name="os.version" value="10.0"/>
    <property name="java.runtime.name" value="Java(TM) SE Runtime Environment"/>
    <property name="file.encoding" value="Cp1252"/>
    <property name="java.vm.name" value="Java HotSpot(TM) 64-Bit Server VM"/>
    <property name="java.vendor.version" value="18.9"/>
    <property name="localRepository" value="C:\Users\leanc\.m2\repository"/>
    <property name="java.vendor.url.bug" value="http://bugreport.java.com/bugreport/"/>
    <property name="java.io.tmpdir" value="C:\Users\leanc\AppData\Local\Temp\"/>
    <property name="java.version" value="11.0.3"/>
    <property name="user.dir" value="C:\Users\leanc\Documents\GitHub\prova_4all"/>
    <property name="os.arch" value="amd64"/>
    <property name="java.vm.specification.name" value="Java Virtual Machine Specification"/>
    <property name="java.awt.printerjob" value="sun.awt.windows.WPrinterJob"/>
    <property name="sun.os.patch.level" value=""/>
    <property name="idea.version2019.2" value="true"/>
    <property name="java.library.path" value="C:\Program Files\Java\jdk-11.0.3\bin;C:\WINDOWS\Sun\Java\bin;C:\WINDOWS\system32;C:\WINDOWS;C:\Program Files\JetBrains\IntelliJ IDEA Community Edition 2019.1.3\jbr\\bin;C:\Program Files\JetBrains\IntelliJ IDEA Community Edition 2019.1.3\jbr\\bin\server;C:\Program Files (x86)\Common Files\Oracle\Java\javapath;C:\Program Files (x86)\Common Files\Intel\Shared Libraries\redist\intel64_win\compiler;C:\Program Files (x86)\Common Files\Intel\Shared Libraries\redist\ia32_win\compiler;C:\Program Files (x86)\Common Files\Intel\Shared Libraries\redist\ia32\compiler;C:\Program Files (x86)\Common Files\Intel\Shared Libraries\redist\intel64\compiler;C:\Program Files (x86)\Intel\iCLS Client\;C:\Program Files\Intel\iCLS Client\;C:\WINDOWS\system32;C:\WINDOWS;C:\WINDOWS\System32\Wbem;C:\WINDOWS\System32\WindowsPowerShell\v1.0\;C:\Program Files (x86)\Intel\Intel(R) Management Engine Components\DAL;C:\Program Files\Intel\Intel(R) Management Engine Components\DAL;C:\Program Files (x86)\Intel\Intel(R) Management Engine Components\IPT;C:\Program Files\Intel\Intel(R) Management Engine Components\IPT;C:\WINDOWS\System32\OpenSSH\;C:\Program Files (x86)\QuickTime\QTSystem\;C:\app\apache-jmeter-5.1.1;C:\Program Files\Git\cmd;C:\Drivers\apache-maven-3.6.2\bin;C:\Progra~1\Java\jdk-11.0.3\jdk1.8.0_211\bin;C:\Ruby25-x64\bin;C:\Users\leanc\AppData\Local\Microsoft\WindowsApps;C:\Program Files\Java\jdk1.8.0_211\bin;C:\app\apache-jmeter-5.1.1;C:\Users\leanc\AppData\Local\GitHubDesktop\bin;."/>
    <property name="java.vendor" value="Oracle Corporation"/>
    <property name="java.vm.info" value="mixed mode"/>
    <property name="java.vm.version" value="11.0.3+12-LTS"/>
    <property name="sun.io.unicode.encoding" value="UnicodeLittle"/>
    <property name="java.class.version" value="55.0"/>
  </properties>
  <testcase name="initializationError" classname="runner.TestRunner" time="0.003">
    <error message="Failed to parse resource at: file:src/test/java/Feature/automacaoProvaBDD.feature" type="cucumber.runtime.CucumberException">cucumber.runtime.CucumberException: Failed to parse resource at: file:src/test/java/Feature/automacaoProvaBDD.feature
Caused by: gherkin.ParserException$CompositeParserException: 
Parser errors:
(12:5): expected: #TagLine, #ScenarioLine, #ScenarioOutlineLine, #Comment, #Empty, got 'Cen�rio: Desafio 1'
(13:5): expected: #TagLine, #ScenarioLine, #ScenarioOutlineLine, #Comment, #Empty, got 'Dado     que configurei ambiente para acessar URL Chrome'
(14:5): expected: #TagLine, #ScenarioLine, #ScenarioOutlineLine, #Comment, #Empty, got 'Quando   abri tela do simulador de investimento'
(15:5): expected: #TagLine, #ScenarioLine, #ScenarioOutlineLine, #Comment, #Empty, got 'Ent�o    Retorna a tela com resultado'
(16:0): unexpected end of file, expected: #TagLine, #ScenarioLine, #ScenarioOutlineLine, #Comment, #Empty
</error>
  </testcase>
</testsuite>